<?xml version="1.0" encoding="UTF-8"?>
<testsuite xmlns:xsi="http://www.w3.org/2001/XMLSchema-instance" xsi:noNamespaceSchemaLocation="https://maven.apache.org/surefire/maven-surefire-plugin/xsd/surefire-test-report-3.0.xsd" version="3.0" name="aed.NuestrosTest" time="0.104" tests="8" errors="0" skipped="0" failures="0">
  <properties>
[...]
</properties>
  <testcase name="despachar_mayor_a_los_traslados" classname="aed.NuestrosTest" time="0.054"/>
  <testcase name="ciudad_con_mayor_superavit" classname="aed.NuestrosTest" time="0.001"/>
  <testcase name="ciudades_mayores_ganancias_y_perdidas" classname="aed.NuestrosTest" time="0.003"/>
  <testcase name="order_correcto_al_despachar_antiguos" classname="aed.NuestrosTest" time="0.004"/>
  <testcase name="despachar_con_misma_ganancia_pero_desempata_por_id" classname="aed.NuestrosTest" time="0.001"/>
  <testcase name="se_elimina_del_otro_heap_al_despachar" classname="aed.NuestrosTest" time="0.002"/>
  <testcase name="despachar_con_heap_vacio" classname="aed.NuestrosTest" time="0.001"/>
  <testcase name="order_correcto_al_despachar_redituables" classname="aed.NuestrosTest" time="0.001"/>
</testsuite>